<?xml version="1.0" encoding="UTF-8"?>
<!-- Generated by org.testng.reporters.JUnitXMLReporter -->
<testsuite ignored="0" hostname="Air-de-Marthe" failures="1" tests="4" name="regression" time="45.589" errors="0" timestamp="2020-07-29T15:34:52 CEST">
  <testcase classname="com.qa.tests.BackOfficeTest" name="verifyBackofficeTitle" time="0.224"/>
  <testcase classname="com.qa.tests.BackOfficeTest" name="verifyUserName" time="0.664"/>
  <testcase classname="com.qa.tests.BackOfficeTest" name="verifyContactsLink" time="2.859"/>
  <testcase classname="com.qa.tests.LoginTest" name="successFullLogin" time="0.905">
    <failure type="java.lang.AssertionError" message="The following asserts failed:
	expected [bbbn,bn,bn] but found [https://ui.freecrm.com/]">
      <![CDATA[java.lang.AssertionError: The following asserts failed:
expected [bbbn,bn,bn] but found [https://ui.freecrm.com/]
at com.qa.tests.LoginTest.successFullLogin(LoginTest.java:86)
at java.base/java.util.ArrayList.forEach(ArrayList.java:1507)
... Removed 29 stack frames]]>
    </failure>
  </testcase> <!-- successFullLogin -->
</testsuite> <!-- regression -->
